app/build/intermediates/manifest_merge_blame_file/release/processReleaseMainManifest/manifest-merger-blame-release-report.txt
1<?xml version="1.0" encoding="utf-8"?>
2<manifest xmlns:android="http://schemas.android.com/apk/res/android"
3    package="com.frictionizer.app"
4    android:versionCode="1"
5    android:versionName="1.0" >
6
7    <uses-sdk
8        android:minSdkVersion="24"
9        android:targetSdkVersion="34" />
10
11    <uses-permission android:name="android.permission.QUERY_ALL_PACKAGES" />
11-->src/main/AndroidManifest.xml:4:5-77
11-->src/main/AndroidManifest.xml:4:22-74
12    <uses-permission android:name="android.permission.REQUEST_IGNORE_BATTERY_OPTIMIZATIONS" />
12-->src/main/AndroidManifest.xml:5:5-95
12-->src/main/AndroidManifest.xml:5:22-92
13
14    <permission
14-->[androidx.core:core:1.12.0] AndroidManifest.xml:22:5-24:47
15        android:name="com.frictionizer.app.DYNAMIC_RECEIVER_NOT_EXPORTED_PERMISSION"
15-->[androidx.core:core:1.12.0] AndroidManifest.xml:23:9-81
16        android:protectionLevel="signature" />
16-->[androidx.core:core:1.12.0] AndroidManifest.xml:24:9-44
17
18    <uses-permission android:name="com.frictionizer.app.DYNAMIC_RECEIVER_NOT_EXPORTED_PERMISSION" />
18-->[androidx.core:core:1.12.0] AndroidManifest.xml:26:5-97
18-->[androidx.core:core:1.12.0] AndroidManifest.xml:26:22-94
19
20    <application
20-->src/main/AndroidManifest.xml:7:5-51:19
21        android:allowBackup="true"
21-->src/main/AndroidManifest.xml:8:9-35
22        android:appComponentFactory="androidx.core.app.CoreComponentFactory"
22-->[androidx.core:core:1.12.0] AndroidManifest.xml:28:18-86
23        android:extractNativeLibs="false"
24        android:icon="@mipmap/ic_launcher"
24-->src/main/AndroidManifest.xml:9:9-43
25        android:label="@string/app_name"
25-->src/main/AndroidManifest.xml:10:9-41
26        android:roundIcon="@mipmap/ic_launcher_round"
26-->src/main/AndroidManifest.xml:11:9-54
27        android:supportsRtl="true"
27-->src/main/AndroidManifest.xml:12:9-35
28        android:theme="@style/Theme.Frictionizer" >
28-->src/main/AndroidManifest.xml:13:9-50
29        <activity
29-->src/main/AndroidManifest.xml:15:9-24:20
30            android:name="com.frictionizer.app.MainActivity"
30-->src/main/AndroidManifest.xml:16:13-41
31            android:exported="true"
31-->src/main/AndroidManifest.xml:17:13-36
32            android:label="@string/app_name"
32-->src/main/AndroidManifest.xml:18:13-45
33            android:windowSoftInputMode="adjustResize" >
33-->src/main/AndroidManifest.xml:19:13-55
34            <intent-filter>
34-->src/main/AndroidManifest.xml:20:13-23:29
35                <action android:name="android.intent.action.MAIN" />
35-->src/main/AndroidManifest.xml:21:17-69
35-->src/main/AndroidManifest.xml:21:25-66
36
37                <category android:name="android.intent.category.LAUNCHER" />
37-->src/main/AndroidManifest.xml:22:17-77
37-->src/main/AndroidManifest.xml:22:27-74
38            </intent-filter>
39        </activity>
40        <activity
40-->src/main/AndroidManifest.xml:26:9-27:82
41            android:name="com.frictionizer.app.AppSelectionActivity"
41-->src/main/AndroidManifest.xml:26:19-55
42            android:exported="false"
42-->src/main/AndroidManifest.xml:27:55-79
43            android:label="@string/title_select_apps" />
43-->src/main/AndroidManifest.xml:27:13-54
44        <activity
44-->src/main/AndroidManifest.xml:29:9-30:88
45            android:name="com.frictionizer.app.ActivitiesActivity"
45-->src/main/AndroidManifest.xml:29:19-53
46            android:exported="false"
46-->src/main/AndroidManifest.xml:30:61-85
47            android:label="@string/title_manage_activities" />
47-->src/main/AndroidManifest.xml:30:13-60
48        <activity
48-->src/main/AndroidManifest.xml:32:9-33:76
49            android:name="com.frictionizer.app.StatsActivity"
49-->src/main/AndroidManifest.xml:32:19-48
50            android:exported="false"
50-->src/main/AndroidManifest.xml:33:49-73
51            android:label="@string/title_stats" />
51-->src/main/AndroidManifest.xml:33:13-48
52        <activity
52-->src/main/AndroidManifest.xml:35:9-36:79
53            android:name="com.frictionizer.app.SettingsActivity"
53-->src/main/AndroidManifest.xml:35:19-51
54            android:exported="false"
54-->src/main/AndroidManifest.xml:36:52-76
55            android:label="@string/title_settings" />
55-->src/main/AndroidManifest.xml:36:13-51
56
57        <service
57-->src/main/AndroidManifest.xml:38:9-49:19
58            android:name="com.frictionizer.app.FrictionizerAccessibilityService"
58-->src/main/AndroidManifest.xml:39:13-61
59            android:exported="true"
59-->src/main/AndroidManifest.xml:40:13-36
60            android:label="@string/accessibility_service_label"
60-->src/main/AndroidManifest.xml:41:13-64
61            android:permission="android.permission.BIND_ACCESSIBILITY_SERVICE" >
61-->src/main/AndroidManifest.xml:42:13-79
62            <intent-filter>
62-->src/main/AndroidManifest.xml:43:13-45:29
63                <action android:name="android.accessibilityservice.AccessibilityService" />
63-->src/main/AndroidManifest.xml:44:17-92
63-->src/main/AndroidManifest.xml:44:25-89
64            </intent-filter>
65
66            <meta-data
66-->src/main/AndroidManifest.xml:46:13-48:72
67                android:name="android.accessibilityservice"
67-->src/main/AndroidManifest.xml:47:17-60
68                android:resource="@xml/accessibility_service_config" />
68-->src/main/AndroidManifest.xml:48:17-69
69        </service>
70
71        <provider
71-->[androidx.emoji2:emoji2:1.2.0] AndroidManifest.xml:24:9-32:20
72            android:name="androidx.startup.InitializationProvider"
72-->[androidx.emoji2:emoji2:1.2.0] AndroidManifest.xml:25:13-67
73            android:authorities="com.frictionizer.app.androidx-startup"
73-->[androidx.emoji2:emoji2:1.2.0] AndroidManifest.xml:26:13-68
74            android:exported="false" >
74-->[androidx.emoji2:emoji2:1.2.0] AndroidManifest.xml:27:13-37
75            <meta-data
75-->[androidx.emoji2:emoji2:1.2.0] AndroidManifest.xml:29:13-31:52
76                android:name="androidx.emoji2.text.EmojiCompatInitializer"
76-->[androidx.emoji2:emoji2:1.2.0] AndroidManifest.xml:30:17-75
77                android:value="androidx.startup" />
77-->[androidx.emoji2:emoji2:1.2.0] AndroidManifest.xml:31:17-49
78            <meta-data
78-->[androidx.lifecycle:lifecycle-process:2.7.0] AndroidManifest.xml:29:13-31:52
79                android:name="androidx.lifecycle.ProcessLifecycleInitializer"
79-->[androidx.lifecycle:lifecycle-process:2.7.0] AndroidManifest.xml:30:17-78
80                android:value="androidx.startup" />
80-->[androidx.lifecycle:lifecycle-process:2.7.0] AndroidManifest.xml:31:17-49
81            <meta-data
81-->[androidx.profileinstaller:profileinstaller:1.3.0] AndroidManifest.xml:29:13-31:52
82                android:name="androidx.profileinstaller.ProfileInstallerInitializer"
82-->[androidx.profileinstaller:profileinstaller:1.3.0] AndroidManifest.xml:30:17-85
83                android:value="androidx.startup" />
83-->[androidx.profileinstaller:profileinstaller:1.3.0] AndroidManifest.xml:31:17-49
84        </provider>
85
86        <service
86-->[androidx.room:room-runtime:2.6.1] AndroidManifest.xml:24:9-28:63
87            android:name="androidx.room.MultiInstanceInvalidationService"
87-->[androidx.room:room-runtime:2.6.1] AndroidManifest.xml:25:13-74
88            android:directBootAware="true"
88-->[androidx.room:room-runtime:2.6.1] AndroidManifest.xml:26:13-43
89            android:exported="false" />
89-->[androidx.room:room-runtime:2.6.1] AndroidManifest.xml:27:13-37
90
91        <receiver
91-->[androidx.profileinstaller:profileinstaller:1.3.0] AndroidManifest.xml:34:9-52:20
92            android:name="androidx.profileinstaller.ProfileInstallReceiver"
92-->[androidx.profileinstaller:profileinstaller:1.3.0] AndroidManifest.xml:35:13-76
93            android:directBootAware="false"
93-->[androidx.profileinstaller:profileinstaller:1.3.0] AndroidManifest.xml:36:13-44
94            android:enabled="true"
94-->[androidx.profileinstaller:profileinstaller:1.3.0] AndroidManifest.xml:37:13-35
95            android:exported="true"
95-->[androidx.profileinstaller:profileinstaller:1.3.0] AndroidManifest.xml:38:13-36
96            android:permission="android.permission.DUMP" >
96-->[androidx.profileinstaller:profileinstaller:1.3.0] AndroidManifest.xml:39:13-57
97            <intent-filter>
97-->[androidx.profileinstaller:profileinstaller:1.3.0] AndroidManifest.xml:40:13-42:29
98                <action android:name="androidx.profileinstaller.action.INSTALL_PROFILE" />
98-->[androidx.profileinstaller:profileinstaller:1.3.0] AndroidManifest.xml:41:17-91
98-->[androidx.profileinstaller:profileinstaller:1.3.0] AndroidManifest.xml:41:25-88
99            </intent-filter>
100            <intent-filter>
100-->[androidx.profileinstaller:profileinstaller:1.3.0] AndroidManifest.xml:43:13-45:29
101                <action android:name="androidx.profileinstaller.action.SKIP_FILE" />
101-->[androidx.profileinstaller:profileinstaller:1.3.0] AndroidManifest.xml:44:17-85
101-->[androidx.profileinstaller:profileinstaller:1.3.0] AndroidManifest.xml:44:25-82
102            </intent-filter>
103            <intent-filter>
103-->[androidx.profileinstaller:profileinstaller:1.3.0] AndroidManifest.xml:46:13-48:29
104                <action android:name="androidx.profileinstaller.action.SAVE_PROFILE" />
104-->[androidx.profileinstaller:profileinstaller:1.3.0] AndroidManifest.xml:47:17-88
104-->[androidx.profileinstaller:profileinstaller:1.3.0] AndroidManifest.xml:47:25-85
105            </intent-filter>
106            <intent-filter>
106-->[androidx.profileinstaller:profileinstaller:1.3.0] AndroidManifest.xml:49:13-51:29
107                <action android:name="androidx.profileinstaller.action.BENCHMARK_OPERATION" />
107-->[androidx.profileinstaller:profileinstaller:1.3.0] AndroidManifest.xml:50:17-95
107-->[androidx.profileinstaller:profileinstaller:1.3.0] AndroidManifest.xml:50:25-92
108            </intent-filter>
109        </receiver>
110    </application>
111
112</manifest>